============================================================
   Tang Dynasty, V5.6.59063
   Copyright (c) 2012-2022 Anlogic
   Executable = F:/anlogic5.6/bin/td.exe
   Built at =   12:45:13 Sep  6 2022
   Run by =     29028
   Run Date =   Thu Nov 10 03:06:39 2022

   Run on =     LAPTOP-OD8BJUM3
============================================================
RUN-1002 : start command "open_project al_top.prj"
RUN-1001 : Print Global Property
RUN-1001 : ---------------------------------------------------------------
RUN-1001 :        Parameters        |  Settings  |  Default Values  |  Note  
RUN-1001 : ---------------------------------------------------------------
RUN-1001 :          message         |  standard  |     standard     |        
RUN-1001 :   mixed_pack_place_flow  |     on     |        on        |        
RUN-1001 :        qor_monitor       |    off     |       off        |        
RUN-1001 :        syn_ip_flow       |    off     |       off        |        
RUN-1001 :          thread          |    auto    |       auto       |        
RUN-1001 : ---------------------------------------------------------------
RUN-1001 : Print Design Property
RUN-1001 : --------------------------------------------------------------
RUN-1001 :        Parameters       |  Settings  |  Default Values  |  Note  
RUN-1001 : --------------------------------------------------------------
RUN-1001 :   default_reg_initial   |    auto    |       auto       |        
RUN-1001 :        infer_add        |     on     |        on        |        
RUN-1001 :        infer_fsm        |    off     |       off        |        
RUN-1001 :        infer_mult       |     on     |        on        |        
RUN-1001 :        infer_ram        |     on     |        on        |        
RUN-1001 :        infer_reg        |     on     |        on        |        
RUN-1001 :   infer_reg_init_value  |     on     |        on        |        
RUN-1001 :        infer_rom        |     on     |        on        |        
RUN-1001 :      infer_shifter      |     on     |        on        |        
RUN-1001 : --------------------------------------------------------------
RUN-1001 : Print Rtl Property
RUN-1001 : --------------------------------------------------------------
RUN-1001 :        Parameters       |  Settings  |  Default Values  |  Note  
RUN-1001 : --------------------------------------------------------------
RUN-1001 :       compress_add      |   ripple   |      ripple      |        
RUN-1001 :        elf_sload        |    off     |       off        |        
RUN-1001 :       fix_undriven      |     0      |        0         |        
RUN-1001 :         flatten         |    off     |       off        |        
RUN-1001 :       gate_sharing      |     on     |        on        |        
RUN-1001 :    hdl_warning_level    |   normal   |      normal      |        
RUN-1001 :   impl_internal_tribuf  |     on     |        on        |        
RUN-1001 :      impl_set_reset     |     on     |        on        |        
RUN-1001 :        infer_gsr        |    off     |       off        |        
RUN-1001 :      keep_hierarchy     |    auto    |       auto       |        
RUN-1001 :        max_fanout       |    9999    |       9999       |        
RUN-1001 :      max_oh2bin_len     |     10     |        10        |        
RUN-1001 :       merge_equal       |     on     |        on        |        
RUN-1001 :       merge_equiv       |     on     |        on        |        
RUN-1001 :        merge_mux        |    off     |       off        |        
RUN-1001 :     min_control_set     |     8      |        8         |        
RUN-1001 :      min_ripple_len     |    auto    |       auto       |        
RUN-1001 :       oh2bin_ratio      |    0.08    |       0.08       |        
RUN-1001 :     opt_adder_fanout    |     on     |        on        |        
RUN-1001 :        opt_arith        |     on     |        on        |        
RUN-1001 :       opt_big_gate      |    off     |       off        |        
RUN-1001 :        opt_const        |     on     |        on        |        
RUN-1001 :      opt_const_mult     |     on     |        on        |        
RUN-1001 :       opt_lessthan      |     on     |        on        |        
RUN-1001 :         opt_mux         |    off     |       off        |        
RUN-1001 :         opt_ram         |    high    |       high       |        
RUN-1001 :      rtl_sim_model      |    off     |       off        |        
RUN-1001 :         seq_syn         |     on     |        on        |        
RUN-1001 : --------------------------------------------------------------
HDL-1007 : analyze verilog file ../../al_ip/pll.v
HDL-1007 : undeclared symbol 'open', assumed default net type 'wire' in ../../al_ip/pll.v(80)
HDL-1007 : analyze verilog file ../../SBgame.v
HDL-1007 : analyze verilog file ../../VGA_Dispay.v
HDL-1007 : analyze included file ../../Definition.h in ../../VGA_Dispay.v(28)
HDL-1007 : back to file '../../VGA_Dispay.v' in ../../VGA_Dispay.v(28)
HDL-1007 : analyze verilog file ../../VGA_piano.v
HDL-1007 : analyze verilog file ../../seg_decoder.v
HDL-1007 : analyze included file ../../Definition.h in ../../seg_decoder.v(21)
HDL-1007 : back to file '../../seg_decoder.v' in ../../seg_decoder.v(21)
HDL-1007 : analyze verilog file ../../seven_seg.v
HDL-1007 : analyze included file ../../Definition.h in ../../seven_seg.v(21)
HDL-1007 : back to file '../../seven_seg.v' in ../../seven_seg.v(21)
HDL-1007 : analyze verilog file ../../al_top.v
RUN-1001 : Project manager successfully analyzed 8 source files.
RUN-1002 : start command "import_device eagle_s20.db -package EG4S20BG256"
ARC-1001 : Device Initialization.
ARC-1001 : ------------------------------------------------------------------
ARC-1001 :            OPTION            |          IO          |   SETTING   
ARC-1001 : ------------------------------------------------------------------
ARC-1001 :   cso_b/cclk/mosi/miso/dout  |  T3/R11/T10/P10/S11  |    gpio    
ARC-1001 :             done             |         P13          |    gpio    
ARC-1001 :           program_b          |          T2          |  dedicate  
ARC-1001 :        tdi/tms/tck/tdo       |   C12/A15/C14/E14    |  dedicate  
ARC-1001 : ------------------------------------------------------------------
ARC-1004 : Device setting, marked 5 dedicate IOs in total.
RUN-1002 : start command "import_db ../syn_1/al_top_gate.db"
RUN-1001 : Importing database generated by Tang Dynasty, V5.6.59063.
RUN-1001 : Database version number 46140.
RUN-1001 : Import flow parameters
RUN-1001 : Import timing constraints
RUN-1001 : Import IO constraints
RUN-1001 : Import Inst constraints
RUN-1001 : Import design success TD_VERSION=5.6.59063 , DB_VERSION=46140
RUN-1002 : start command "read_sdc"
USR-1002 : read_sdc file_name -help -h -eco
USR-1009 : NO module with IP_SDC ...
RUN-1104 : Import SDC file  finished, there are 0 nets kept by constraints.
RUN-1002 : start command "place"
RUN-1001 : Open license file F:/anlogic5.6/license/Anlogic.lic
RUN-1001 : Print Global Property
RUN-1001 : ---------------------------------------------------------------
RUN-1001 :        Parameters        |  Settings  |  Default Values  |  Note  
RUN-1001 : ---------------------------------------------------------------
RUN-1001 :          message         |  standard  |     standard     |        
RUN-1001 :   mixed_pack_place_flow  |     on     |        on        |        
RUN-1001 :        qor_monitor       |    off     |       off        |        
RUN-1001 :        syn_ip_flow       |    off     |       off        |        
RUN-1001 :          thread          |    auto    |       auto       |        
RUN-1001 : ---------------------------------------------------------------
RUN-1001 : Print Place Property
RUN-1001 : --------------------------------------------------------------
RUN-1001 :        Parameters       |  Settings  |  Default Values  |  Note  
RUN-1001 : --------------------------------------------------------------
RUN-1001 :      detailed_place     |     on     |        on        |        
RUN-1001 :          effort         |   medium   |      medium      |        
RUN-1001 :         fix_hold        |    off     |       off        |        
RUN-1001 :       legalization      |    ori     |       ori        |        
RUN-1001 :      new_spreading      |     on     |        on        |        
RUN-1001 :        opt_timing       |   medium   |      medium      |        
RUN-1001 :   post_clock_route_opt  |    off     |       off        |        
RUN-1001 :       pr_strategy       |     1      |        1         |        
RUN-1001 :        relaxation       |    1.00    |       1.00       |        
RUN-1001 :         retiming        |    off     |       off        |        
RUN-1001 : --------------------------------------------------------------
PHY-3001 : Placer runs in 12 thread(s).
RUN-1002 : start command "legalize_phy_inst"
SYN-1011 : Flatten model top
RUN-1002 : start command "phys_opt -simplify_lut"
SYN-4016 : Net u_pll/clk0_out driven by BUFG (0 clock/control pins, 1 other pins).
SYN-4019 : Net clk_dup_1 is refclk of pll u_pll/pll_inst.
SYN-4020 : Net clk_dup_1 is fbclk of pll u_pll/pll_inst.
SYN-4025 : Tag rtl::Net clk_dup_1 as clock net
SYN-4025 : Tag rtl::Net u_pll/clk0_out as clock net
SYN-4026 : Tagged 2 rtl::Net as clock net
PHY-1001 : Populate physical database on model top.
RUN-1001 : There are total 55 instances
RUN-0007 : 2 luts, 0 seqs, 0 mslices, 0 lslices, 49 pads, 0 brams, 0 dsps
RUN-1001 : There are total 43 nets
RUN-1001 : 41 nets have 2 pins
RUN-1001 : 1 nets have [6 - 10] pins
RUN-1001 : 1 nets have [21 - 99] pins
RUN-1001 : Report Control nets information:
RUN-1001 : DFF Distribution
RUN-1001 : ----------------------------------
RUN-1001 :   CE   |  SSR  |  ASR  |  DFF Count  
RUN-1001 : ----------------------------------
RUN-1001 :   No   |  No   |  No   |      0      
RUN-1001 :   No   |  No   |  Yes  |      0      
RUN-1001 :   No   |  Yes  |  No   |      0      
RUN-1001 :   Yes  |  No   |  No   |      0      
RUN-1001 :   Yes  |  No   |  Yes  |      0      
RUN-1001 :   Yes  |  Yes  |  No   |      0      
RUN-1001 : ----------------------------------
RUN-0007 : Control Group Statistic
RUN-0007 : ---------------------------
RUN-0007 :   #CLK  |  #CE  |  #SSR/ASR  
RUN-0007 : ---------------------------
RUN-0007 :    0    |   0   |     0      
RUN-0007 : ---------------------------
RUN-0007 : Control Set = 0
PHY-3001 : Initial placement ...
PHY-3001 : design contains 54 instances, 2 luts, 0 seqs, 0 slices, 0 macros(0 instances: 0 mslices 0 lslices)
PHY-0007 : Cell area utilization is 0%
PHY-3001 : Start timing update ...
RUN-1002 : start command "start_timer -report"
TMR-2505 : Start building timing graph for model top.
TMR-2506 : Build timing graph completely. Port num: 14, tpin num: 88, tnet num: 42, tinst num: 54, tnode num: 88, tedge num: 57.
TMR-2508 : Levelizing timing graph completed, there are 7 levels in total.
TMR-2501 : Timing graph initialized successfully.
TMR-2503 : Start to update net delay, extr mode = 2.
TMR-2504 : Update delay of 42 nets completely.
TMR-2502 : Annotate delay completely, extr mode = 2.
TMR-3001 : Initiate 0 clocks from SDC.
TMR-3004 : Map sdc constraints, there are 0 constraints in total.
TMR-3003 : Constraints initiated successfully.
TMR-3501 : Forward propagation: start to calculate arrival time...
TMR-3502 : Backward propagation: start to calculate required time...
TMR-3503 : Timing propagation completes.
PHY-3001 : End timing update;  0.287356s wall, 0.281250s user + 0.000000s system = 0.281250s CPU (97.9%)

PHY-3001 : Global placement ...
PHY-3001 : Initial: Len = 1759
PHY-3001 : Clustering ...
PHY-3001 : Level 0 #clusters 54.
PHY-3001 : End clustering;  0.000055s wall, 0.000000s user + 0.000000s system = 0.000000s CPU (n/a%)

PHY-3001 : Run with size of 4
PHY-3001 : Cell area utilization is 0%
PHY-3001 : :::0::: Try harder cell spreading with beta_ = 0
PHY-3002 : Step(1): len = 1447, overlap = 0
PHY-3002 : Step(2): len = 1447, overlap = 0
PHY-3002 : Step(3): len = 1447, overlap = 0
PHY-3002 : Step(4): len = 1447, overlap = 0
PHY-3002 : Step(5): len = 1447, overlap = 0
PHY-3001 : Legalization ...
PHY-3001 : End legalization;  0.004082s wall, 0.000000s user + 0.000000s system = 0.000000s CPU (n/a%)

PHY-3001 : Run with size of 4
PHY-3001 : Cell area utilization is 0%
PHY-3001 : Update timing in Manhattan mode ...
TMR-2503 : Start to update net delay, extr mode = 3.
TMR-2504 : Update delay of 42 nets completely.
TMR-2502 : Annotate delay completely, extr mode = 3.
TMR-3501 : Forward propagation: start to calculate arrival time...
TMR-3502 : Backward propagation: start to calculate required time...
TMR-3503 : Timing propagation completes.
PHY-3001 : End timing update;  0.000529s wall, 0.000000s user + 0.000000s system = 0.000000s CPU (n/a%)

PHY-3001 : :::0::: Try harder cell spreading with beta_ = 0
PHY-3002 : Step(6): len = 1447, overlap = 0
PHY-3002 : Step(7): len = 1447, overlap = 0
PHY-3002 : Step(8): len = 1447, overlap = 0
PHY-3001 : Run with size of 2
PHY-3001 : Cell area utilization is 0%
PHY-3001 : Update timing in Manhattan mode ...
TMR-2503 : Start to update net delay, extr mode = 3.
TMR-2504 : Update delay of 42 nets completely.
TMR-2502 : Annotate delay completely, extr mode = 3.
TMR-3501 : Forward propagation: start to calculate arrival time...
TMR-3502 : Backward propagation: start to calculate required time...
TMR-3503 : Timing propagation completes.
PHY-3001 : End timing update;  0.000298s wall, 0.000000s user + 0.000000s system = 0.000000s CPU (n/a%)

PHY-3001 : :::0::: Try harder cell spreading with beta_ = 0
PHY-3002 : Step(9): len = 1447, overlap = 0
PHY-3002 : Step(10): len = 1447, overlap = 0
OPT-1001 : Start physical optimization ...
RUN-1002 : start command "start_timer -report"
TMR-2505 : Start building timing graph for model top.
TMR-2506 : Build timing graph completely. Port num: 14, tpin num: 88, tnet num: 42, tinst num: 54, tnode num: 88, tedge num: 57.
TMR-2508 : Levelizing timing graph completed, there are 7 levels in total.
TMR-2501 : Timing graph initialized successfully.
OPT-1001 : Total overflow 0.09 peak overflow 0.09
OPT-1001 : Start high-fanout net optimization ...
OPT-1001 : Update timing in global mode
PHY-1001 : Start incremental global routing, caller is place ...
RUN-1001 : Generating global routing grids ...
RUN-1001 : Building simple global routing graph ...
PHY-1001 : Generate routing nets ...
PHY-1001 : Reuse net number 0/43.
PHY-1001 : Global iterations in 12 thread ...
PHY-1002 : len = 1440, over cnt = 0(0%), over = 0, worst = 0
PHY-1001 : End global iterations;  0.004895s wall, 0.000000s user + 0.000000s system = 0.000000s CPU (n/a%)

PHY-1001 : Congestion index: top1 = 1.27, top5 = 0.33, top10 = 0.17, top15 = 0.11.
PHY-1001 : End incremental global routing;  0.053443s wall, 0.046875s user + 0.000000s system = 0.046875s CPU (87.7%)

TMR-2503 : Start to update net delay, extr mode = 5.
TMR-2504 : Update delay of 42 nets completely.
TMR-2502 : Annotate delay completely, extr mode = 5.
TMR-3001 : Initiate 0 clocks from SDC.
TMR-3004 : Map sdc constraints, there are 0 constraints in total.
TMR-3003 : Constraints initiated successfully.
TMR-3501 : Forward propagation: start to calculate arrival time...
TMR-3502 : Backward propagation: start to calculate required time...
TMR-3503 : Timing propagation completes.
OPT-1001 : End timing update;  0.000471s wall, 0.000000s user + 0.000000s system = 0.000000s CPU (n/a%)

OPT-1001 : 0 high-fanout net processed.
OPT-1001 : End high-fanout net optimization;  0.054102s wall, 0.046875s user + 0.000000s system = 0.046875s CPU (86.6%)

OPT-1001 : Current memory(MB): used = 153, reserve = 124, peak = 153.
OPT-1001 : Start global optimization ...
OPT-1001 : Start congestion update ...
RUN-1001 : Generating global routing grids ...
PHY-1001 : Generate routing nets ...
PHY-1001 : Reuse net number 5/43.
PHY-1001 : Global iterations in 12 thread ...
PHY-1002 : len = 1440, over cnt = 0(0%), over = 0, worst = 0
PHY-1001 : End global iterations;  0.002283s wall, 0.015625s user + 0.000000s system = 0.015625s CPU (684.3%)

PHY-1001 : Congestion index: top1 = 1.27, top5 = 0.33, top10 = 0.17, top15 = 0.11.
OPT-1001 : End congestion update;  0.043738s wall, 0.046875s user + 0.000000s system = 0.046875s CPU (107.2%)

OPT-1001 : Update timing in Manhattan mode
TMR-2503 : Start to update net delay, extr mode = 3.
TMR-2504 : Update delay of 42 nets completely.
TMR-2502 : Annotate delay completely, extr mode = 3.
TMR-3501 : Forward propagation: start to calculate arrival time...
TMR-3502 : Backward propagation: start to calculate required time...
TMR-3503 : Timing propagation completes.
OPT-1001 : End timing update;  0.000245s wall, 0.000000s user + 0.000000s system = 0.000000s CPU (n/a%)

OPT-0007 : Start: WNS 2147483647 TNS 0 NUM_FEPS 0
OPT-1001 : End global optimization;  0.044081s wall, 0.046875s user + 0.000000s system = 0.046875s CPU (106.3%)

OPT-1001 : Current memory(MB): used = 154, reserve = 125, peak = 154.
OPT-1001 : End physical optimization;  0.452792s wall, 0.625000s user + 0.000000s system = 0.625000s CPU (138.0%)

PHY-3001 : Start packing ...
SYN-4007 : Packing 0 MUX to BLE ...
SYN-4008 : Packed 0 MUX and 0 SEQ to BLE.
SYN-4007 : Packing 2 LUT to BLE ...
SYN-4008 : Packed 2 LUT and 0 SEQ to BLE.
SYN-4003 : Packing 0 remaining SEQ's ...
SYN-4005 : Packed 0 SEQ with LUT/SLICE
SYN-4006 : 2 single LUT's are left
SYN-4006 : 0 single SEQ's are left
SYN-4011 : Packing model "top" (AL_USER_NORMAL) with 2/55 primitive instances ...
PHY-3001 : End packing;  0.000568s wall, 0.000000s user + 0.000000s system = 0.000000s CPU (n/a%)

PHY-1001 : Populate physical database on model top.
RUN-1001 : There are total 55 instances
RUN-1001 : 1 mslices, 1 lslices, 49 pads, 0 brams, 0 dsps
RUN-1001 : There are total 43 nets
RUN-1001 : 41 nets have 2 pins
RUN-1001 : 1 nets have [6 - 10] pins
RUN-1001 : 1 nets have [21 - 99] pins
PHY-3001 : design contains 54 instances, 2 slices, 0 macros(0 instances: 0 mslices 0 lslices)
PHY-3001 : Cell area utilization is 0%
PHY-3001 : After packing: Len = 1447, Over = 0
PHY-3001 : Run with size of 2
PHY-3001 : Cell area utilization is 0%
PHY-3001 : Update timing in Manhattan mode ...
RUN-1002 : start command "start_timer -report"
TMR-2505 : Start building timing graph for model top.
TMR-2506 : Build timing graph completely. Port num: 14, tpin num: 88, tnet num: 42, tinst num: 54, tnode num: 88, tedge num: 57.
TMR-2508 : Levelizing timing graph completed, there are 7 levels in total.
TMR-2501 : Timing graph initialized successfully.
TMR-2503 : Start to update net delay, extr mode = 3.
TMR-2504 : Update delay of 42 nets completely.
TMR-2502 : Annotate delay completely, extr mode = 3.
TMR-3001 : Initiate 0 clocks from SDC.
TMR-3004 : Map sdc constraints, there are 0 constraints in total.
TMR-3003 : Constraints initiated successfully.
TMR-3501 : Forward propagation: start to calculate arrival time...
TMR-3502 : Backward propagation: start to calculate required time...
TMR-3503 : Timing propagation completes.
PHY-3001 : End timing update;  0.289368s wall, 0.281250s user + 0.000000s system = 0.281250s CPU (97.2%)

PHY-3001 : :::0::: Try harder cell spreading with beta_ = 0
PHY-3002 : Step(11): len = 1447, overlap = 0
PHY-3002 : Step(12): len = 1447, overlap = 0
PHY-3001 : Legalization ...
PHY-3001 : End legalization;  0.007836s wall, 0.000000s user + 0.031250s system = 0.031250s CPU (398.8%)

PHY-3001 : Trial Legalized: Len = 1447
PHY-3001 : Run with size of 2
PHY-3001 : Cell area utilization is 0%
PHY-3001 : Update timing in Manhattan mode ...
TMR-2503 : Start to update net delay, extr mode = 3.
TMR-2504 : Update delay of 42 nets completely.
TMR-2502 : Annotate delay completely, extr mode = 3.
TMR-3501 : Forward propagation: start to calculate arrival time...
TMR-3502 : Backward propagation: start to calculate required time...
TMR-3503 : Timing propagation completes.
PHY-3001 : End timing update;  0.000266s wall, 0.000000s user + 0.000000s system = 0.000000s CPU (n/a%)

PHY-3001 : :::0::: Try harder cell spreading with beta_ = 0
PHY-3002 : Step(13): len = 1447, overlap = 0
PHY-3002 : Step(14): len = 1447, overlap = 0
PHY-3002 : Step(15): len = 1447, overlap = 0
PHY-3001 : Legalization ...
PHY-3001 : End legalization;  0.005802s wall, 0.015625s user + 0.000000s system = 0.015625s CPU (269.3%)

PHY-3001 : Legalized: Len = 1447, Over = 0
PHY-3001 : End spreading;  0.001888s wall, 0.000000s user + 0.000000s system = 0.000000s CPU (n/a%)

PHY-3001 : Final: Len = 1447, Over = 0
OPT-1001 : Start physical optimization ...
RUN-1002 : start command "start_timer -report"
TMR-2505 : Start building timing graph for model top.
TMR-2506 : Build timing graph completely. Port num: 14, tpin num: 88, tnet num: 42, tinst num: 54, tnode num: 88, tedge num: 57.
TMR-2508 : Levelizing timing graph completed, there are 7 levels in total.
TMR-2501 : Timing graph initialized successfully.
OPT-1001 : Total overflow 0.00 peak overflow 0.00
OPT-1001 : Start high-fanout net optimization ...
OPT-1001 : Update timing in global mode
PHY-1001 : Start incremental global routing, caller is place ...
RUN-1001 : Generating global routing grids ...
PHY-1001 : Generate routing nets ...
PHY-1001 : Reuse net number 3/43.
PHY-1001 : Global iterations in 12 thread ...
PHY-1002 : len = 1440, over cnt = 0(0%), over = 0, worst = 0
PHY-1001 : End global iterations;  0.003385s wall, 0.000000s user + 0.000000s system = 0.000000s CPU (n/a%)

PHY-1001 : Congestion index: top1 = 1.27, top5 = 0.33, top10 = 0.17, top15 = 0.11.
PHY-1001 : End incremental global routing;  0.045995s wall, 0.031250s user + 0.015625s system = 0.046875s CPU (101.9%)

TMR-2503 : Start to update net delay, extr mode = 5.
TMR-2504 : Update delay of 42 nets completely.
TMR-2502 : Annotate delay completely, extr mode = 5.
TMR-3001 : Initiate 0 clocks from SDC.
TMR-3004 : Map sdc constraints, there are 0 constraints in total.
TMR-3003 : Constraints initiated successfully.
TMR-3501 : Forward propagation: start to calculate arrival time...
TMR-3502 : Backward propagation: start to calculate required time...
TMR-3503 : Timing propagation completes.
OPT-1001 : End timing update;  0.000434s wall, 0.000000s user + 0.000000s system = 0.000000s CPU (n/a%)

OPT-1001 : 0 high-fanout net processed.
OPT-1001 : End high-fanout net optimization;  0.046664s wall, 0.031250s user + 0.015625s system = 0.046875s CPU (100.5%)

OPT-1001 : Current memory(MB): used = 154, reserve = 125, peak = 155.
OPT-1001 : Start path based optimization ...
OPT-1001 : Start congestion update ...
RUN-1001 : Generating global routing grids ...
PHY-1001 : Generate routing nets ...
PHY-1001 : Reuse net number 5/43.
PHY-1001 : Global iterations in 12 thread ...
PHY-1002 : len = 1440, over cnt = 0(0%), over = 0, worst = 0
PHY-1001 : End global iterations;  0.002271s wall, 0.000000s user + 0.000000s system = 0.000000s CPU (n/a%)

PHY-1001 : Congestion index: top1 = 1.27, top5 = 0.33, top10 = 0.17, top15 = 0.11.
OPT-1001 : End congestion update;  0.045298s wall, 0.046875s user + 0.000000s system = 0.046875s CPU (103.5%)

OPT-1001 : Update timing in Manhattan mode
TMR-2503 : Start to update net delay, extr mode = 3.
TMR-2504 : Update delay of 42 nets completely.
TMR-2502 : Annotate delay completely, extr mode = 3.
TMR-3501 : Forward propagation: start to calculate arrival time...
TMR-3502 : Backward propagation: start to calculate required time...
TMR-3503 : Timing propagation completes.
OPT-1001 : End timing update;  0.000237s wall, 0.000000s user + 0.000000s system = 0.000000s CPU (n/a%)

OPT-0007 : Start: WNS 2147483647 TNS 0 NUM_FEPS 0
OPT-1001 : End path based optimization;  0.045622s wall, 0.046875s user + 0.000000s system = 0.046875s CPU (102.7%)

OPT-1001 : Current memory(MB): used = 154, reserve = 125, peak = 155.
OPT-1001 : Update timing in Manhattan mode
TMR-2503 : Start to update net delay, extr mode = 3.
TMR-2504 : Update delay of 42 nets completely.
TMR-2502 : Annotate delay completely, extr mode = 3.
TMR-3501 : Forward propagation: start to calculate arrival time...
TMR-3502 : Backward propagation: start to calculate required time...
TMR-3503 : Timing propagation completes.
OPT-1001 : End timing update;  0.000230s wall, 0.000000s user + 0.000000s system = 0.000000s CPU (n/a%)

OPT-1001 : Start pin optimization...
OPT-1001 : skip pin optimization...
OPT-1001 : Update timing in global mode
PHY-1001 : Start incremental global routing, caller is place ...
RUN-1001 : Generating global routing grids ...
PHY-1001 : Generate routing nets ...
PHY-1001 : Reuse net number 5/43.
PHY-1001 : Global iterations in 12 thread ...
PHY-1002 : len = 1440, over cnt = 0(0%), over = 0, worst = 0
PHY-1001 : End global iterations;  0.002334s wall, 0.000000s user + 0.000000s system = 0.000000s CPU (n/a%)

PHY-1001 : Congestion index: top1 = 1.27, top5 = 0.33, top10 = 0.17, top15 = 0.11.
PHY-1001 : End incremental global routing;  0.043754s wall, 0.046875s user + 0.000000s system = 0.046875s CPU (107.1%)

TMR-2503 : Start to update net delay, extr mode = 5.
TMR-2504 : Update delay of 42 nets completely.
TMR-2502 : Annotate delay completely, extr mode = 5.
TMR-3501 : Forward propagation: start to calculate arrival time...
TMR-3502 : Backward propagation: start to calculate required time...
TMR-3503 : Timing propagation completes.
OPT-1001 : End timing update;  0.000316s wall, 0.000000s user + 0.000000s system = 0.000000s CPU (n/a%)

RUN-1001 : Generating global routing grids ...
PHY-1001 : Generate routing nets ...
PHY-1001 : Reuse net number 5/43.
PHY-1001 : Global iterations in 12 thread ...
PHY-1002 : len = 1440, over cnt = 0(0%), over = 0, worst = 0
PHY-1001 : End global iterations;  0.002224s wall, 0.015625s user + 0.000000s system = 0.015625s CPU (702.7%)

PHY-1001 : Congestion index: top1 = 1.27, top5 = 0.33, top10 = 0.17, top15 = 0.11.
OPT-1001 : Update timing in Manhattan mode
TMR-2503 : Start to update net delay, extr mode = 3.
TMR-2504 : Update delay of 42 nets completely.
TMR-2502 : Annotate delay completely, extr mode = 3.
TMR-3501 : Forward propagation: start to calculate arrival time...
TMR-3502 : Backward propagation: start to calculate required time...
TMR-3503 : Timing propagation completes.
OPT-1001 : End timing update;  0.000235s wall, 0.000000s user + 0.000000s system = 0.000000s CPU (n/a%)

RUN-1001 : QoR Analysis:
OPT-0007 :   WNS 2147483647 TNS 0 NUM_FEPS 0
RUN-1001 :   No local congestion issue, and most congested 1% tile average routing util is 1.000000
RUN-1001 :   Top critical paths
OPT-1001 : End physical optimization;  0.498238s wall, 0.484375s user + 0.015625s system = 0.500000s CPU (100.4%)

RUN-1003 : finish command "place" in  1.771995s wall, 2.062500s user + 0.187500s system = 2.250000s CPU (127.0%)

RUN-1004 : used memory is 145 MB, reserved memory is 116 MB, peak memory is 155 MB
RUN-1002 : start command "export_db al_top_place.db"
RUN-1001 : Exported /
RUN-1001 : Exported flow parameters
RUN-1001 : Exported libs
RUN-1001 : Exported entities
RUN-1001 : Exported ports
RUN-1001 : Exported pins
RUN-1001 : Exported instances
RUN-1001 : Exported nets
RUN-1001 : Exported buses
RUN-1001 : Exported models
RUN-1001 : Exported congestions
RUN-1001 : Exported violations
RUN-1001 : Exported timing constraints
RUN-1001 : Exported IO constraints
RUN-1001 : Exported Inst constraints
RUN-1002 : start command "route"
RUN-1001 : Open license file F:/anlogic5.6/license/Anlogic.lic
RUN-1001 : Print Global Property
RUN-1001 : ---------------------------------------------------------------
RUN-1001 :        Parameters        |  Settings  |  Default Values  |  Note  
RUN-1001 : ---------------------------------------------------------------
RUN-1001 :          message         |  standard  |     standard     |        
RUN-1001 :   mixed_pack_place_flow  |     on     |        on        |        
RUN-1001 :        qor_monitor       |    off     |       off        |        
RUN-1001 :        syn_ip_flow       |    off     |       off        |        
RUN-1001 :          thread          |    auto    |       auto       |        
RUN-1001 : ---------------------------------------------------------------
RUN-1001 : Print Route Property
RUN-1001 : -------------------------------------------------------
RUN-1001 :    Parameters    |  Settings  |  Default Values  |  Note  
RUN-1001 : -------------------------------------------------------
RUN-1001 :      effort      |   medium   |      medium      |        
RUN-1001 :     fix_hold     |    off     |       off        |        
RUN-1001 :    opt_timing    |   medium   |      medium      |        
RUN-1001 :   phy_sim_model  |    off     |       off        |        
RUN-1001 :     priority     |   timing   |      timing      |        
RUN-1001 :     swap_pin     |     on     |        on        |        
RUN-1001 : -------------------------------------------------------
PHY-1001 : Route runs in 12 thread(s)
RUN-1001 : There are total 55 instances
RUN-1001 : 1 mslices, 1 lslices, 49 pads, 0 brams, 0 dsps
RUN-1001 : There are total 43 nets
RUN-1001 : 41 nets have 2 pins
RUN-1001 : 1 nets have [6 - 10] pins
RUN-1001 : 1 nets have [21 - 99] pins
RUN-1002 : start command "start_timer -report"
TMR-2505 : Start building timing graph for model top.
TMR-2506 : Build timing graph completely. Port num: 14, tpin num: 88, tnet num: 42, tinst num: 54, tnode num: 88, tedge num: 57.
TMR-2508 : Levelizing timing graph completed, there are 7 levels in total.
TMR-2501 : Timing graph initialized successfully.
PHY-1001 : 1 mslices, 1 lslices, 49 pads, 0 brams, 0 dsps
TMR-2503 : Start to update net delay, extr mode = 3.
TMR-2504 : Update delay of 42 nets completely.
TMR-2502 : Annotate delay completely, extr mode = 3.
TMR-3001 : Initiate 0 clocks from SDC.
TMR-3004 : Map sdc constraints, there are 0 constraints in total.
TMR-3003 : Constraints initiated successfully.
TMR-3501 : Forward propagation: start to calculate arrival time...
TMR-3502 : Backward propagation: start to calculate required time...
TMR-3503 : Timing propagation completes.
PHY-1001 : Start global routing, caller is route ...
RUN-1001 : Generating global routing grids ...
PHY-1001 : Generate routing nets ...
PHY-1001 : Global iterations in 12 thread ...
PHY-1002 : len = 1440, over cnt = 0(0%), over = 0, worst = 0
PHY-1001 : End global iterations;  0.005309s wall, 0.000000s user + 0.000000s system = 0.000000s CPU (n/a%)

PHY-1001 : Congestion index: top1 = 1.31, top5 = 0.33, top10 = 0.17, top15 = 0.11.
PHY-1001 : End global routing;  0.050407s wall, 0.046875s user + 0.000000s system = 0.046875s CPU (93.0%)

PHY-1001 : Start detail routing ...
PHY-1001 : Current memory(MB): used = 170, reserve = 141, peak = 181.
PHY-1001 : Detailed router is running in normal mode.
PHY-1001 : Generate detailed routing grids ...
PHY-1001 : Generate nets ...
PHY-1001 : net clk_dup_1 will be routed on clock mesh
PHY-1001 : clock net u_pll/clk0_out will be merged with clock u_pll/clk0_buf
PHY-1001 : Current memory(MB): used = 438, reserve = 413, peak = 438.
PHY-1001 : End build detailed router design. 4.139989s wall, 4.078125s user + 0.062500s system = 4.140625s CPU (100.0%)

PHY-1001 : Detail Route ...
PHY-1001 : ===== Detail Route Phase 1 =====
PHY-1001 : Clock net routing.....
PHY-1001 : Routed 4% nets.
PHY-1022 : len = 1160, over cnt = 0(0%), over = 0, worst = 0, crit = 0
PHY-1001 : End initial clock net routed; 0.004792s wall, 0.000000s user + 0.000000s system = 0.000000s CPU (n/a%)

PHY-1001 : Current memory(MB): used = 438, reserve = 414, peak = 438.
PHY-1001 : End phase 1; 0.011734s wall, 0.015625s user + 0.000000s system = 0.015625s CPU (133.2%)

PHY-1001 : ===== Detail Route Phase 2 =====
PHY-1001 : Initial routing.....
PHY-1001 : Routed 9% nets.
PHY-1001 : Routed 11% nets.
PHY-1001 : Routed 13% nets.
PHY-1022 : len = 2936, over cnt = 0(0%), over = 0, worst = 0, crit = 0
PHY-1001 : Current memory(MB): used = 455, reserve = 430, peak = 455.
PHY-1001 : End initial routed; 0.170640s wall, 0.171875s user + 0.000000s system = 0.171875s CPU (100.7%)

PHY-1001 : Update timing.....
PHY-1001 : 0/7(0%) critical/total net(s).
RUN-1001 : ------------------------------------------
RUN-1001 :   Type   |    WNS(ns)    |  TNS(ns)  |  FEP  
RUN-1001 : ------------------------------------------
RUN-1001 :   Setup  |  2147483.647  |   0.000   |   0   
RUN-1001 :   Hold   |  2147483.647  |   0.000   |   0   
RUN-1001 : ------------------------------------------
PHY-1001 : End update timing; 0.321953s wall, 0.312500s user + 0.000000s system = 0.312500s CPU (97.1%)

PHY-1001 : Current memory(MB): used = 455, reserve = 430, peak = 455.
PHY-1001 : End phase 2; 0.492719s wall, 0.484375s user + 0.000000s system = 0.484375s CPU (98.3%)

PHY-1001 : ===== Detail Route Phase 3 =====
PHY-1001 : Optimize timing.....
PHY-1022 : len = 2936, over cnt = 0(0%), over = 0, worst = 0, crit = 0
PHY-1001 : End optimize timing; 0.004080s wall, 0.000000s user + 0.000000s system = 0.000000s CPU (n/a%)

PHY-1001 : Update timing.....
PHY-1001 : 0/7(0%) critical/total net(s).
RUN-1001 : ------------------------------------------
RUN-1001 :   Type   |    WNS(ns)    |  TNS(ns)  |  FEP  
RUN-1001 : ------------------------------------------
RUN-1001 :   Setup  |  2147483.647  |   0.000   |   0   
RUN-1001 :   Hold   |  2147483.647  |   0.000   |   0   
RUN-1001 : ------------------------------------------
PHY-1001 : End update timing; 0.416494s wall, 0.421875s user + 0.000000s system = 0.421875s CPU (101.3%)

PHY-1001 : Commit to database.....
PHY-1001 : 0 feed throughs used by 0 nets
PHY-1001 : End commit to database; 0.008887s wall, 0.015625s user + 0.000000s system = 0.015625s CPU (175.8%)

PHY-1001 : Current memory(MB): used = 461, reserve = 437, peak = 461.
PHY-1001 : End phase 3; 0.429642s wall, 0.437500s user + 0.000000s system = 0.437500s CPU (101.8%)

PHY-1003 : Routed, final wirelength = 2936
PHY-1001 : Current memory(MB): used = 461, reserve = 437, peak = 461.
PHY-1001 : End export database. 0.007947s wall, 0.000000s user + 0.000000s system = 0.000000s CPU (n/a%)

PHY-1001 : End detail routing;  5.308955s wall, 5.250000s user + 0.062500s system = 5.312500s CPU (100.1%)

RUN-1003 : finish command "route" in  5.717884s wall, 5.640625s user + 0.078125s system = 5.718750s CPU (100.0%)

RUN-1004 : used memory is 422 MB, reserved memory is 397 MB, peak memory is 461 MB
RUN-1002 : start command "report_area -io_info -file al_top_phy.area"
RUN-1001 : standard
***Report Model: top Device: EG4S20BG256***

IO Statistics
#IO                        49
  #input                   17
  #output                  32
  #inout                    0

Utilization Statistics
#lut                        2   out of  19600    0.01%
#reg                        0   out of  19600    0.00%
#le                         2
  #lut only                 2   out of      2  100.00%
  #reg only                 0   out of      2    0.00%
  #lut&reg                  0   out of      2    0.00%
#dsp                        0   out of     29    0.00%
#bram                       0   out of     64    0.00%
  #bram9k                   0
  #fifo9k                   0
#bram32k                    0   out of     16    0.00%
#pad                       49   out of    188   26.06%
  #ireg                     0
  #oreg                     0
  #treg                     0
#pll                        1   out of      4   25.00%
#gclk                       1   out of     16    6.25%

Clock Resource Statistics
Index     ClockNet          Type               DriverType         Driver                  Fanout
#1        clk_dup_1         GeneralRouting     io                 clk_syn_2.di            1
#2        u_pll/clk0_buf    GCLK               pll                u_pll/pll_inst.clkc0    0


Detailed IO Report

     Name        Direction    Location    IOStandard    DriveStrength    PullType    PackReg  
    all_sw         INPUT        R14        LVCMOS33          N/A          PULLUP      NONE    
      clk          INPUT        K14        LVCMOS33          N/A          PULLUP      NONE    
     rst_n         INPUT        R15        LVCMOS33          N/A          PULLUP      NONE    
     beep         OUTPUT         M3        LVCMOS33           8            NONE       NONE    
      hs          OUTPUT         J3        LVCMOS33           8            NONE       NONE    
  regrgb1[15]     OUTPUT         K6        LVCMOS33           8            NONE       NONE    
  regrgb1[14]     OUTPUT         K3        LVCMOS33           8            NONE       NONE    
  regrgb1[13]     OUTPUT         K5        LVCMOS33           8            NONE       NONE    
  regrgb1[12]     OUTPUT         L4        LVCMOS33           8            NONE       NONE    
  regrgb1[11]     OUTPUT         M1        LVCMOS33           8            NONE       NONE    
  regrgb1[10]     OUTPUT         H5        LVCMOS33           8            NONE       NONE    
  regrgb1[9]      OUTPUT         H1        LVCMOS33           8            NONE       NONE    
  regrgb1[8]      OUTPUT         J6        LVCMOS33           8            NONE       NONE    
  regrgb1[7]      OUTPUT         H3        LVCMOS33           8            NONE       NONE    
  regrgb1[6]      OUTPUT         J1        LVCMOS33           8            NONE       NONE    
  regrgb1[5]      OUTPUT         K1        LVCMOS33           8            NONE       NONE    
  regrgb1[4]      OUTPUT         C1        LVCMOS33           8            NONE       NONE    
  regrgb1[3]      OUTPUT         D1        LVCMOS33           8            NONE       NONE    
  regrgb1[2]      OUTPUT         E2        LVCMOS33           8            NONE       NONE    
  regrgb1[1]      OUTPUT         G3        LVCMOS33           8            NONE       NONE    
  regrgb1[0]      OUTPUT         E1        LVCMOS33           8            NONE       NONE    
    seg[6]        OUTPUT         B2        LVCMOS33           8            NONE       NONE    
    seg[5]        OUTPUT         D3        LVCMOS33           8            NONE       NONE    
    seg[4]        OUTPUT         F5        LVCMOS33           8            NONE       NONE    
    seg[3]        OUTPUT         E4        LVCMOS33           8            NONE       NONE    
    seg[2]        OUTPUT         F4        LVCMOS33           8            NONE       NONE    
    seg[1]        OUTPUT         B3        LVCMOS33           8            NONE       NONE    
    seg[0]        OUTPUT         E3        LVCMOS33           8            NONE       NONE    
  seg_sel[3]      OUTPUT         F3        LVCMOS33           8            NONE       NONE    
  seg_sel[2]      OUTPUT         C2        LVCMOS33           8            NONE       NONE    
  seg_sel[1]      OUTPUT         C3        LVCMOS33           8            NONE       NONE    
  seg_sel[0]      OUTPUT         B1        LVCMOS33           8            NONE       NONE    
    vga_clk       OUTPUT         H2        LVCMOS33           8            NONE       NONE    
      vs          OUTPUT         J4        LVCMOS33           8            NONE       NONE    
   warn_flag      OUTPUT         M4        LVCMOS33           8            NONE       NONE    

Report Hierarchy Area:
+----------------------------------------------------------------------+
|Instance |Module |le     |lut     |ripple  |seq     |bram    |dsp     |
+----------------------------------------------------------------------+
|top      |top    |2      |2       |0       |0       |0       |0       |
|  u_pll  |pll    |1      |1       |0       |0       |0       |0       |
+----------------------------------------------------------------------+


DataNet Average Fanout:

   Index     Fanout    Nets  
    #1         1        4    
    #2        5-10      1    
  Average     1.80           

RUN-1002 : start command "export_db al_top_pr.db"
RUN-1001 : Exported /
RUN-1001 : Exported flow parameters
RUN-1001 : Exported libs
RUN-1001 : Exported entities
RUN-1001 : Exported ports
RUN-1001 : Exported pins
RUN-1001 : Exported instances
RUN-1001 : Exported nets
RUN-1001 : Exported buses
RUN-1001 : Exported models
RUN-1001 : Exported congestions
RUN-1001 : Exported violations
RUN-1001 : Exported timing constraints
RUN-1001 : Exported IO constraints
RUN-1001 : Exported Inst constraints
RUN-1002 : start command "export_bid al_top_inst.bid"
RUN-1002 : start command "bitgen -bit al_top.bit"
BIT-1003 : Start to generate bitstream. 
BIT-1002 : Init instances with 12 threads.
BIT-1002 : Init instances completely, inst num: 54
BIT-1002 : Init pips with 12 threads.
BIT-1002 : Init pips completely, net num: 43, pip num: 180
BIT-1003 : Multithreading accelaration with 12 threads.
BIT-1003 : Generate bitstream completely, there are 185 valid insts, and 570 bits set as '1'.
BIT-1004 : PLL setting string = 0001
BIT-1004 : Generate bits file al_top.bit.
RUN-1002 : start command "backup_run_log run.log ../.logs/phy_1/td_20221110_030639.log"
RUN-1001 : Backing up run's log file succeed.
