============================================================
   Tang Dynasty, V5.6.59063
   Copyright (c) 2012-2022 Anlogic
   Executable = F:/anlogic5.6/bin/td.exe
   Built at =   12:45:13 Sep  6 2022
   Run by =     29028
   Run Date =   Thu Nov 10 02:45:11 2022

   Run on =     LAPTOP-OD8BJUM3
============================================================
HDL-1007 : analyze verilog file al_top.v
HDL-1007 : undeclared symbol 'regrgb', assumed default net type 'wire' in al_top.v(112)
HDL-8007 ERROR: concurrent assignment to a non-net 'regrgb1' is not permitted in al_top.v(25)
HDL-8007 ERROR: cannot index into non-array type wire for 'regrgb' in al_top.v(25)
HDL-8007 ERROR: concurrent assignment to a non-net 'regrgb1' is not permitted in al_top.v(26)
HDL-8007 ERROR: cannot index into non-array type wire for 'regrgb' in al_top.v(26)
HDL-8007 ERROR: concurrent assignment to a non-net 'regrgb1' is not permitted in al_top.v(27)
HDL-8007 ERROR: cannot index into non-array type wire for 'regrgb' in al_top.v(27)
HDL-8007 ERROR: concurrent assignment to a non-net 'regrgb1' is not permitted in al_top.v(28)
HDL-8007 ERROR: cannot index into non-array type wire for 'regrgb' in al_top.v(28)
HDL-8007 ERROR: concurrent assignment to a non-net 'regrgb1' is not permitted in al_top.v(29)
HDL-8007 ERROR: cannot index into non-array type wire for 'regrgb' in al_top.v(29)
HDL-8007 ERROR: concurrent assignment to a non-net 'regrgb1' is not permitted in al_top.v(30)
HDL-8007 ERROR: cannot index into non-array type wire for 'regrgb' in al_top.v(30)
HDL-8007 ERROR: ignore module module due to previous errors in al_top.v(1)
HDL-1007 : Verilog file 'al_top.v' ignored due to errors
HDL-1007 : analyze verilog file al_top.v
HDL-1007 : undeclared symbol 'regrgb', assumed default net type 'wire' in al_top.v(112)
HDL-8007 ERROR: cannot index into non-array type wire for 'regrgb' in al_top.v(25)
HDL-8007 ERROR: cannot index into non-array type wire for 'regrgb' in al_top.v(26)
HDL-8007 ERROR: cannot index into non-array type wire for 'regrgb' in al_top.v(27)
HDL-8007 ERROR: cannot index into non-array type wire for 'regrgb' in al_top.v(28)
HDL-8007 ERROR: cannot index into non-array type wire for 'regrgb' in al_top.v(29)
HDL-8007 ERROR: cannot index into non-array type wire for 'regrgb' in al_top.v(30)
HDL-8007 ERROR: ignore module module due to previous errors in al_top.v(1)
HDL-1007 : Verilog file 'al_top.v' ignored due to errors
HDL-1007 : analyze verilog file al_top.v
RUN-1001 : reset_run syn_1 phy_1.
RUN-1001 : launch_runs syn_1 phy_1  -jobs 6.
RUN-6001 WARNING: syn_1: run failed.
HDL-1007 : analyze verilog file al_top.v
RUN-1001 : reset_run syn_1 phy_1.
RUN-1001 : launch_runs syn_1 phy_1  -jobs 6.
RUN-1001 : syn_1: run complete.
RUN-1001 : phy_1: run complete.
RUN-1001 : open_run phy_1.
RUN-1002 : start command "import_db F:/anlogic5.6/data/al_top/al_top_Runs/phy_1/al_top_pr.db"
RUN-1001 : Importing database generated by Tang Dynasty, V5.6.59063.
RUN-1001 : Database version number 46140.
RUN-1001 : Import flow parameters
PHY-1001 : Generate detailed routing grids ...
PHY-1001 : Generate nets ...
PHY-1001 : net clk_dup_1 will be routed on clock mesh
PHY-1001 : clock net u_pll/clk0_out will be merged with clock u_pll/clk0_buf
PHY-1001 : eco open net = 0
PHY-1001 : 0 feed throughs used by 0 nets
RUN-1001 : Import timing constraints
RUN-1001 : Import IO constraints
RUN-1001 : Import Inst constraints
RUN-1001 : Import design success TD_VERSION=5.6.59063 , DB_VERSION=46140
RUN-1003 : finish command "import_db F:/anlogic5.6/data/al_top/al_top_Runs/phy_1/al_top_pr.db" in  4.492631s wall, 4.468750s user + 0.187500s system = 4.656250s CPU (103.6%)

RUN-1004 : used memory is 478 MB, reserved memory is 441 MB, peak memory is 501 MB
RUN-1002 : start command "report_timing"
RUN-1002 : start command "start_timer"
RUN-1002 : start command "end_timer"
RUN-1001 : reset_run syn_1 phy_1.
RUN-1001 : launch_runs syn_1 phy_1  -jobs 6.
RUN-6001 WARNING: syn_1: run failed.
RUN-1001 : open_run syn_1.
RUN-1002 : start command "import_db F:/anlogic5.6/data/al_top/al_top_Runs/syn_1/al_top_elaborate.db"
RUN-1001 : Importing database generated by Tang Dynasty, V5.6.59063.
RUN-1001 : Database version number 46140.
RUN-1001 : Import flow parameters
RUN-1001 : Import IO constraints
RUN-1001 : Import Inst constraints
RUN-1001 : Import design success TD_VERSION=5.6.59063 , DB_VERSION=46140
RUN-1002 : start command "report_timing"
RUN-1002 : start command "start_timer"
RUN-1002 : start command "end_timer"
RUN-1001 : reset_run syn_1 phy_1.
RUN-1001 : launch_runs syn_1 phy_1  -jobs 6.
RUN-1001 : syn_1: run complete.
RUN-1001 : phy_1: run complete.
RUN-1001 : open_run phy_1.
RUN-1002 : start command "import_db F:/anlogic5.6/data/al_top/al_top_Runs/phy_1/al_top_pr.db"
RUN-1001 : Importing database generated by Tang Dynasty, V5.6.59063.
RUN-1001 : Database version number 46140.
RUN-1001 : Import flow parameters
PHY-1001 : Generate detailed routing grids ...
PHY-1001 : Generate nets ...
PHY-1001 : net clk_dup_1 will be routed on clock mesh
PHY-1001 : clock net u_pll/clk0_out will be merged with clock u_pll/clk0_buf
PHY-1001 : eco open net = 0
PHY-1001 : 0 feed throughs used by 0 nets
RUN-1001 : Import timing constraints
RUN-1001 : Import IO constraints
RUN-1001 : Import Inst constraints
RUN-1001 : Import design success TD_VERSION=5.6.59063 , DB_VERSION=46140
RUN-1002 : start command "report_timing"
RUN-1002 : start command "start_timer"
RUN-1002 : start command "end_timer"
RUN-1002 : start command "download -bit al_top_Runs\phy_1\al_top.bit -mode jtag -spd 7 -sec 64 -cable 0"
PRG-2014 : Chip validation success: EAGLE_S20_BG256
RUN-1002 : start command "bit_to_vec -chip EAGLE_S20_BG256 -m jtag_burst -freq 4 -bit al_top_Runs/phy_1/al_top.bit"
RUN-1002 : start command "program -cable 0 -mode svf -spd 7 -p"
RUN-1003 : finish command "program -cable 0 -mode svf -spd 7 -p" in  6.304463s wall, 0.140625s user + 0.234375s system = 0.375000s CPU (5.9%)

RUN-1004 : used memory is 566 MB, reserved memory is 507 MB, peak memory is 582 MB
RUN-1003 : finish command "download -bit al_top_Runs\phy_1\al_top.bit -mode jtag -spd 7 -sec 64 -cable 0" in  6.612164s wall, 0.234375s user + 0.250000s system = 0.484375s CPU (7.3%)

RUN-1004 : used memory is 566 MB, reserved memory is 507 MB, peak memory is 582 MB
GUI-1001 : Download success!
RUN-1002 : start command "download -bit al_top_Runs\phy_1\al_top.bit -mode jtag -spd 7 -sec 64 -cable 0"
PRG-2014 : Chip validation success: EAGLE_S20_BG256
RUN-1002 : start command "bit_to_vec -chip EAGLE_S20_BG256 -m jtag_burst -freq 4 -bit al_top_Runs/phy_1/al_top.bit"
RUN-1002 : start command "program -cable 0 -mode svf -spd 7 -p"
RUN-1003 : finish command "program -cable 0 -mode svf -spd 7 -p" in  6.295852s wall, 0.171875s user + 0.265625s system = 0.437500s CPU (6.9%)

RUN-1004 : used memory is 567 MB, reserved memory is 507 MB, peak memory is 584 MB
RUN-1003 : finish command "download -bit al_top_Runs\phy_1\al_top.bit -mode jtag -spd 7 -sec 64 -cable 0" in  6.600351s wall, 0.265625s user + 0.265625s system = 0.531250s CPU (8.0%)

RUN-1004 : used memory is 567 MB, reserved memory is 507 MB, peak memory is 584 MB
GUI-1001 : Download success!
RUN-1002 : start command "download -bit al_top_Runs\phy_1\al_top.bit -mode jtag -spd 7 -sec 64 -cable 0"
PRG-2014 : Chip validation success: EAGLE_S20_BG256
RUN-1002 : start command "bit_to_vec -chip EAGLE_S20_BG256 -m jtag_burst -freq 4 -bit al_top_Runs/phy_1/al_top.bit"
RUN-1002 : start command "program -cable 0 -mode svf -spd 7 -p"
RUN-1003 : finish command "program -cable 0 -mode svf -spd 7 -p" in  6.302765s wall, 0.156250s user + 0.218750s system = 0.375000s CPU (5.9%)

RUN-1004 : used memory is 567 MB, reserved memory is 507 MB, peak memory is 584 MB
RUN-1003 : finish command "download -bit al_top_Runs\phy_1\al_top.bit -mode jtag -spd 7 -sec 64 -cable 0" in  6.609355s wall, 0.250000s user + 0.234375s system = 0.484375s CPU (7.3%)

RUN-1004 : used memory is 567 MB, reserved memory is 507 MB, peak memory is 584 MB
GUI-1001 : Download success!
RUN-1002 : start command "download -bit al_top_Runs\phy_1\al_top.bit -mode jtag -spd 7 -sec 64 -cable 0"
PRG-2014 : Chip validation success: EAGLE_S20_BG256
RUN-1002 : start command "bit_to_vec -chip EAGLE_S20_BG256 -m jtag_burst -freq 4 -bit al_top_Runs/phy_1/al_top.bit"
RUN-1002 : start command "program -cable 0 -mode svf -spd 7 -p"
RUN-1003 : finish command "program -cable 0 -mode svf -spd 7 -p" in  6.291905s wall, 0.171875s user + 0.203125s system = 0.375000s CPU (6.0%)

RUN-1004 : used memory is 575 MB, reserved memory is 515 MB, peak memory is 592 MB
RUN-1003 : finish command "download -bit al_top_Runs\phy_1\al_top.bit -mode jtag -spd 7 -sec 64 -cable 0" in  6.594915s wall, 0.265625s user + 0.234375s system = 0.500000s CPU (7.6%)

RUN-1004 : used memory is 575 MB, reserved memory is 515 MB, peak memory is 592 MB
GUI-1001 : Download success!
