============================================================
   Tang Dynasty, V5.6.59063
   Copyright (c) 2012-2022 Anlogic
   Executable = F:/anlogic5.6/bin/td.exe
   Built at =   12:45:13 Sep  6 2022
   Run by =     29028
   Run Date =   Thu Nov 10 03:10:04 2022

   Run on =     LAPTOP-OD8BJUM3
============================================================
RUN-1001 : open_run phy_1.
RUN-1002 : start command "import_db F:/anlogic5.6/data/al_top/al_top_Runs/phy_1/al_top_pr.db"
RUN-1001 : Importing database generated by Tang Dynasty, V5.6.59063.
RUN-1001 : Database version number 46140.
RUN-1001 : Import flow parameters
PHY-1001 : Generate detailed routing grids ...
PHY-1001 : Generate nets ...
PHY-1001 : net clk_dup_1 will be routed on clock mesh
PHY-1001 : clock net u_pll/clk0_out will be merged with clock u_pll/clk0_buf
PHY-1001 : eco open net = 0
PHY-1001 : 0 feed throughs used by 0 nets
RUN-1001 : Import timing constraints
RUN-1001 : Import IO constraints
RUN-1001 : Import Inst constraints
RUN-1001 : Import design success TD_VERSION=5.6.59063 , DB_VERSION=46140
RUN-1003 : finish command "import_db F:/anlogic5.6/data/al_top/al_top_Runs/phy_1/al_top_pr.db" in  4.594037s wall, 4.562500s user + 0.140625s system = 4.703125s CPU (102.4%)

RUN-1004 : used memory is 449 MB, reserved memory is 412 MB, peak memory is 472 MB
RUN-1002 : start command "report_timing"
RUN-1002 : start command "start_timer"
RUN-1002 : start command "end_timer"
