============================================================
   Tang Dynasty, V5.6.59063
   Copyright (c) 2012-2022 Anlogic
   Executable = F:/anlogic5.6/bin/td.exe
   Built at =   12:45:13 Sep  6 2022
   Run by =     29028
   Run Date =   Thu Nov 10 03:06:37 2022

   Run on =     LAPTOP-OD8BJUM3
============================================================
RUN-1002 : start command "open_project al_top.prj"
RUN-1001 : Print Global Property
RUN-1001 : ---------------------------------------------------------------
RUN-1001 :        Parameters        |  Settings  |  Default Values  |  Note  
RUN-1001 : ---------------------------------------------------------------
RUN-1001 :          message         |  standard  |     standard     |        
RUN-1001 :   mixed_pack_place_flow  |     on     |        on        |        
RUN-1001 :        qor_monitor       |    off     |       off        |        
RUN-1001 :        syn_ip_flow       |    off     |       off        |        
RUN-1001 :          thread          |    auto    |       auto       |        
RUN-1001 : ---------------------------------------------------------------
RUN-1001 : Print Design Property
RUN-1001 : --------------------------------------------------------------
RUN-1001 :        Parameters       |  Settings  |  Default Values  |  Note  
RUN-1001 : --------------------------------------------------------------
RUN-1001 :   default_reg_initial   |    auto    |       auto       |        
RUN-1001 :        infer_add        |     on     |        on        |        
RUN-1001 :        infer_fsm        |    off     |       off        |        
RUN-1001 :        infer_mult       |     on     |        on        |        
RUN-1001 :        infer_ram        |     on     |        on        |        
RUN-1001 :        infer_reg        |     on     |        on        |        
RUN-1001 :   infer_reg_init_value  |     on     |        on        |        
RUN-1001 :        infer_rom        |     on     |        on        |        
RUN-1001 :      infer_shifter      |     on     |        on        |        
RUN-1001 : --------------------------------------------------------------
RUN-1001 : Print Rtl Property
RUN-1001 : --------------------------------------------------------------
RUN-1001 :        Parameters       |  Settings  |  Default Values  |  Note  
RUN-1001 : --------------------------------------------------------------
RUN-1001 :       compress_add      |   ripple   |      ripple      |        
RUN-1001 :        elf_sload        |    off     |       off        |        
RUN-1001 :       fix_undriven      |     0      |        0         |        
RUN-1001 :         flatten         |    off     |       off        |        
RUN-1001 :       gate_sharing      |     on     |        on        |        
RUN-1001 :    hdl_warning_level    |   normal   |      normal      |        
RUN-1001 :   impl_internal_tribuf  |     on     |        on        |        
RUN-1001 :      impl_set_reset     |     on     |        on        |        
RUN-1001 :        infer_gsr        |    off     |       off        |        
RUN-1001 :      keep_hierarchy     |    auto    |       auto       |        
RUN-1001 :        max_fanout       |    9999    |       9999       |        
RUN-1001 :      max_oh2bin_len     |     10     |        10        |        
RUN-1001 :       merge_equal       |     on     |        on        |        
RUN-1001 :       merge_equiv       |     on     |        on        |        
RUN-1001 :        merge_mux        |    off     |       off        |        
RUN-1001 :     min_control_set     |     8      |        8         |        
RUN-1001 :      min_ripple_len     |    auto    |       auto       |        
RUN-1001 :       oh2bin_ratio      |    0.08    |       0.08       |        
RUN-1001 :     opt_adder_fanout    |     on     |        on        |        
RUN-1001 :        opt_arith        |     on     |        on        |        
RUN-1001 :       opt_big_gate      |    off     |       off        |        
RUN-1001 :        opt_const        |     on     |        on        |        
RUN-1001 :      opt_const_mult     |     on     |        on        |        
RUN-1001 :       opt_lessthan      |     on     |        on        |        
RUN-1001 :         opt_mux         |    off     |       off        |        
RUN-1001 :         opt_ram         |    high    |       high       |        
RUN-1001 :      rtl_sim_model      |    off     |       off        |        
RUN-1001 :         seq_syn         |     on     |        on        |        
RUN-1001 : --------------------------------------------------------------
HDL-1007 : analyze verilog file ../../al_ip/pll.v
HDL-1007 : undeclared symbol 'open', assumed default net type 'wire' in ../../al_ip/pll.v(80)
HDL-1007 : analyze verilog file ../../SBgame.v
HDL-1007 : analyze verilog file ../../VGA_Dispay.v
HDL-1007 : analyze included file ../../Definition.h in ../../VGA_Dispay.v(28)
HDL-1007 : back to file '../../VGA_Dispay.v' in ../../VGA_Dispay.v(28)
HDL-1007 : analyze verilog file ../../VGA_piano.v
HDL-1007 : analyze verilog file ../../seg_decoder.v
HDL-1007 : analyze included file ../../Definition.h in ../../seg_decoder.v(21)
HDL-1007 : back to file '../../seg_decoder.v' in ../../seg_decoder.v(21)
HDL-1007 : analyze verilog file ../../seven_seg.v
HDL-1007 : analyze included file ../../Definition.h in ../../seven_seg.v(21)
HDL-1007 : back to file '../../seven_seg.v' in ../../seven_seg.v(21)
HDL-1007 : analyze verilog file ../../al_top.v
RUN-1001 : Project manager successfully analyzed 8 source files.
RUN-1002 : start command "import_device eagle_s20.db -package EG4S20BG256"
ARC-1001 : Device Initialization.
ARC-1001 : ------------------------------------------------------------------
ARC-1001 :            OPTION            |          IO          |   SETTING   
ARC-1001 : ------------------------------------------------------------------
ARC-1001 :   cso_b/cclk/mosi/miso/dout  |  T3/R11/T10/P10/S11  |    gpio    
ARC-1001 :             done             |         P13          |    gpio    
ARC-1001 :           program_b          |          T2          |  dedicate  
ARC-1001 :        tdi/tms/tck/tdo       |   C12/A15/C14/E14    |  dedicate  
ARC-1001 : ------------------------------------------------------------------
ARC-1004 : Device setting, marked 5 dedicate IOs in total.
RUN-1002 : start command "elaborate -top top"
RUN-1001 : Print Design Property
RUN-1001 : --------------------------------------------------------------
RUN-1001 :        Parameters       |  Settings  |  Default Values  |  Note  
RUN-1001 : --------------------------------------------------------------
RUN-1001 :   default_reg_initial   |    auto    |       auto       |        
RUN-1001 :        infer_add        |     on     |        on        |        
RUN-1001 :        infer_fsm        |    off     |       off        |        
RUN-1001 :        infer_mult       |     on     |        on        |        
RUN-1001 :        infer_ram        |     on     |        on        |        
RUN-1001 :        infer_reg        |     on     |        on        |        
RUN-1001 :   infer_reg_init_value  |     on     |        on        |        
RUN-1001 :        infer_rom        |     on     |        on        |        
RUN-1001 :      infer_shifter      |     on     |        on        |        
RUN-1001 : --------------------------------------------------------------
RUN-1001 : Print Rtl Property
RUN-1001 : --------------------------------------------------------------
RUN-1001 :        Parameters       |  Settings  |  Default Values  |  Note  
RUN-1001 : --------------------------------------------------------------
RUN-1001 :       compress_add      |   ripple   |      ripple      |        
RUN-1001 :        elf_sload        |    off     |       off        |        
RUN-1001 :       fix_undriven      |     0      |        0         |        
RUN-1001 :         flatten         |    off     |       off        |        
RUN-1001 :       gate_sharing      |     on     |        on        |        
RUN-1001 :    hdl_warning_level    |   normal   |      normal      |        
RUN-1001 :   impl_internal_tribuf  |     on     |        on        |        
RUN-1001 :      impl_set_reset     |     on     |        on        |        
RUN-1001 :        infer_gsr        |    off     |       off        |        
RUN-1001 :      keep_hierarchy     |    auto    |       auto       |        
RUN-1001 :        max_fanout       |    9999    |       9999       |        
RUN-1001 :      max_oh2bin_len     |     10     |        10        |        
RUN-1001 :       merge_equal       |     on     |        on        |        
RUN-1001 :       merge_equiv       |     on     |        on        |        
RUN-1001 :        merge_mux        |    off     |       off        |        
RUN-1001 :     min_control_set     |     8      |        8         |        
RUN-1001 :      min_ripple_len     |    auto    |       auto       |        
RUN-1001 :       oh2bin_ratio      |    0.08    |       0.08       |        
RUN-1001 :     opt_adder_fanout    |     on     |        on        |        
RUN-1001 :        opt_arith        |     on     |        on        |        
RUN-1001 :       opt_big_gate      |    off     |       off        |        
RUN-1001 :        opt_const        |     on     |        on        |        
RUN-1001 :      opt_const_mult     |     on     |        on        |        
RUN-1001 :       opt_lessthan      |     on     |        on        |        
RUN-1001 :         opt_mux         |    off     |       off        |        
RUN-1001 :         opt_ram         |    high    |       high       |        
RUN-1001 :      rtl_sim_model      |    off     |       off        |        
RUN-1001 :         seq_syn         |     on     |        on        |        
RUN-1001 : --------------------------------------------------------------
RUN-1001 : Print Global Property
RUN-1001 : ---------------------------------------------------------------
RUN-1001 :        Parameters        |  Settings  |  Default Values  |  Note  
RUN-1001 : ---------------------------------------------------------------
RUN-1001 :          message         |  standard  |     standard     |        
RUN-1001 :   mixed_pack_place_flow  |     on     |        on        |        
RUN-1001 :        qor_monitor       |    off     |       off        |        
RUN-1001 :        syn_ip_flow       |    off     |       off        |        
RUN-1001 :          thread          |    auto    |       auto       |        
RUN-1001 : ---------------------------------------------------------------
RUN-1001 : Print Design Property
RUN-1001 : --------------------------------------------------------------
RUN-1001 :        Parameters       |  Settings  |  Default Values  |  Note  
RUN-1001 : --------------------------------------------------------------
RUN-1001 :   default_reg_initial   |    auto    |       auto       |        
RUN-1001 :        infer_add        |     on     |        on        |        
RUN-1001 :        infer_fsm        |    off     |       off        |        
RUN-1001 :        infer_mult       |     on     |        on        |        
RUN-1001 :        infer_ram        |     on     |        on        |        
RUN-1001 :        infer_reg        |     on     |        on        |        
RUN-1001 :   infer_reg_init_value  |     on     |        on        |        
RUN-1001 :        infer_rom        |     on     |        on        |        
RUN-1001 :      infer_shifter      |     on     |        on        |        
RUN-1001 : --------------------------------------------------------------
HDL-1007 : elaborate module top in ../../al_top.v(1)
HDL-1007 : elaborate module pll in ../../al_ip/pll.v(23)
HDL-1007 : elaborate module EG_LOGIC_BUFG in F:/anlogic5.6/arch/eagle_macro.v(8)
HDL-1007 : elaborate module EG_PHY_PLL(FIN="24.000",FBCLK_DIV=2,CLKC0_DIV=25,CLKC1_DIV=24,CLKC0_ENABLE="ENABLE",CLKC1_ENABLE="ENABLE",FEEDBK_PATH="CLKC0_EXT",STDBY_ENABLE="DISABLE",CLKC0_CPHASE=24,CLKC1_CPHASE=23,GMC_GAIN=2,ICP_CURRENT=9,KVCO=2,LPF_CAPACITOR=1,LPF_RESISTOR=8,SYNC_ENABLE="DISABLE") in F:/anlogic5.6/arch/eagle_macro.v(929)
HDL-1007 : elaborate module SBgame in ../../SBgame.v(21)
HDL-1007 : elaborate module VGA_Dispay in ../../VGA_Dispay.v(30)
HDL-5007 WARNING: using initial value of 'up_pos' since it is never assigned in ../../VGA_Dispay.v(89)
HDL-5007 WARNING: using initial value of 'down_pos' since it is never assigned in ../../VGA_Dispay.v(90)
HDL-1007 : elaborate module seven_seg in ../../seven_seg.v(22)
HDL-1007 : elaborate module seg_decoder in ../../seg_decoder.v(22)
HDL-5007 WARNING: actual bit length 5 differs from formal bit length 4 for port 'num' in ../../seven_seg.v(63)
HDL-5007 WARNING: net 'clk' does not have a driver in ../../SBgame.v(39)
HDL-5007 WARNING: actual bit length 1 differs from formal bit length 7 for port 'seg_LED' in ../../al_top.v(100)
HDL-1007 : elaborate module VGA_piano in ../../VGA_piano.v(1)
HDL-5007 WARNING: delay control is not supported for synthesis in ../../VGA_piano.v(550)
HDL-5007 WARNING: delay control is not supported for synthesis in ../../VGA_piano.v(556)
HDL-5007 WARNING: delay control is not supported for synthesis in ../../VGA_piano.v(562)
HDL-5007 WARNING: net 'clk' does not have a driver in ../../VGA_piano.v(17)
HDL-5007 WARNING: actual bit length 1 differs from formal bit length 7 for port 'seg' in ../../al_top.v(111)
HDL-1200 : Current top model is top
HDL-1100 : Inferred 0 RAMs.
RUN-1002 : start command "export_db al_top_elaborate.db"
RUN-1001 : Exported /
RUN-1001 : Exported flow parameters
RUN-1001 : Exported libs
RUN-1001 : Exported entities
RUN-1001 : Exported ports
RUN-1001 : Exported pins
RUN-1001 : Exported instances
RUN-1001 : Exported nets
RUN-1001 : Exported buses
RUN-1001 : Exported models
RUN-1001 : Exported congestions
RUN-1001 : Exported violations
RUN-1001 : Exported IO constraints
RUN-1001 : Exported Inst constraints
RUN-1002 : start command "read_adc ../../xdc.adc"
RUN-1002 : start command "set_pin_assignment  all_sw   LOCATION = R14; IOSTANDARD = LVCMOS33; "
RUN-1002 : start command "set_pin_assignment  beep   LOCATION = M3; IOSTANDARD = LVCMOS33; "
RUN-1002 : start command "set_pin_assignment  clk   LOCATION = K14; IOSTANDARD = LVCMOS33; "
RUN-1002 : start command "set_pin_assignment  displaymode   LOCATION = T15; IOSTANDARD = LVCMOS33; "
RUN-1002 : start command "set_pin_assignment  hs   LOCATION = J3; IOSTANDARD = LVCMOS33; "
RUN-1002 : start command "set_pin_assignment  move[0]   LOCATION = H14; IOSTANDARD = LVCMOS33; "
RUN-1002 : start command "set_pin_assignment  move[1]   LOCATION = G11; IOSTANDARD = LVCMOS33; "
RUN-1002 : start command "set_pin_assignment  move[2]   LOCATION = L12; IOSTANDARD = LVCMOS33; "
RUN-1002 : start command "set_pin_assignment  regrgb1[0]   LOCATION = E1; IOSTANDARD = LVCMOS33; "
RUN-1002 : start command "set_pin_assignment  regrgb1[10]   LOCATION = H5; IOSTANDARD = LVCMOS33; "
RUN-1002 : start command "set_pin_assignment  regrgb1[11]   LOCATION = M1; IOSTANDARD = LVCMOS33; "
RUN-1002 : start command "set_pin_assignment  regrgb1[12]   LOCATION = L4; IOSTANDARD = LVCMOS33; "
RUN-1002 : start command "set_pin_assignment  regrgb1[13]   LOCATION = K5; IOSTANDARD = LVCMOS33; "
RUN-1002 : start command "set_pin_assignment  regrgb1[14]   LOCATION = K3; IOSTANDARD = LVCMOS33; "
RUN-1002 : start command "set_pin_assignment  regrgb1[15]   LOCATION = K6; IOSTANDARD = LVCMOS33; "
RUN-1002 : start command "set_pin_assignment  regrgb1[1]   LOCATION = G3; IOSTANDARD = LVCMOS33; "
RUN-1002 : start command "set_pin_assignment  regrgb1[2]   LOCATION = E2; IOSTANDARD = LVCMOS33; "
RUN-1002 : start command "set_pin_assignment  regrgb1[3]   LOCATION = D1; IOSTANDARD = LVCMOS33; "
RUN-1002 : start command "set_pin_assignment  regrgb1[4]   LOCATION = C1; IOSTANDARD = LVCMOS33; "
RUN-1002 : start command "set_pin_assignment  regrgb1[5]   LOCATION = K1; IOSTANDARD = LVCMOS33; "
RUN-1002 : start command "set_pin_assignment  regrgb1[6]   LOCATION = J1; IOSTANDARD = LVCMOS33; "
RUN-1002 : start command "set_pin_assignment  regrgb1[7]   LOCATION = H3; IOSTANDARD = LVCMOS33; "
RUN-1002 : start command "set_pin_assignment  regrgb1[8]   LOCATION = J6; IOSTANDARD = LVCMOS33; "
RUN-1002 : start command "set_pin_assignment  regrgb1[9]   LOCATION = H1; IOSTANDARD = LVCMOS33; "
RUN-1002 : start command "set_pin_assignment  rst_n   LOCATION = R15; IOSTANDARD = LVCMOS33; "
RUN-1002 : start command "set_pin_assignment  seg[0]   LOCATION = E3; IOSTANDARD = LVCMOS33; "
RUN-1002 : start command "set_pin_assignment  seg[1]   LOCATION = B3; IOSTANDARD = LVCMOS33; "
RUN-1002 : start command "set_pin_assignment  seg[2]   LOCATION = F4; IOSTANDARD = LVCMOS33; "
RUN-1002 : start command "set_pin_assignment  seg[3]   LOCATION = E4; IOSTANDARD = LVCMOS33; "
RUN-1002 : start command "set_pin_assignment  seg[4]   LOCATION = F5; IOSTANDARD = LVCMOS33; "
RUN-1002 : start command "set_pin_assignment  seg[5]   LOCATION = D3; IOSTANDARD = LVCMOS33; "
RUN-1002 : start command "set_pin_assignment  seg[6]   LOCATION = B2; IOSTANDARD = LVCMOS33; "
RUN-1002 : start command "set_pin_assignment  seg_sel[0]   LOCATION = B1; IOSTANDARD = LVCMOS33; "
RUN-1002 : start command "set_pin_assignment  seg_sel[1]   LOCATION = C3; IOSTANDARD = LVCMOS33; "
RUN-1002 : start command "set_pin_assignment  seg_sel[2]   LOCATION = C2; IOSTANDARD = LVCMOS33; "
RUN-1002 : start command "set_pin_assignment  seg_sel[3]   LOCATION = F3; IOSTANDARD = LVCMOS33; "
RUN-1002 : start command "set_pin_assignment  sw[0]   LOCATION = T4; IOSTANDARD = LVCMOS33; "
RUN-1002 : start command "set_pin_assignment  sw[1]   LOCATION = R5; IOSTANDARD = LVCMOS33; "
RUN-1002 : start command "set_pin_assignment  sw[2]   LOCATION = T5; IOSTANDARD = LVCMOS33; "
RUN-1002 : start command "set_pin_assignment  sw[3]   LOCATION = T6; IOSTANDARD = LVCMOS33; "
RUN-1002 : start command "set_pin_assignment  sw[4]   LOCATION = M6; IOSTANDARD = LVCMOS33; "
RUN-1002 : start command "set_pin_assignment  sw[5]   LOCATION = P6; IOSTANDARD = LVCMOS33; "
RUN-1002 : start command "set_pin_assignment  sw[6]   LOCATION = N6; IOSTANDARD = LVCMOS33; "
RUN-1002 : start command "set_pin_assignment  sw[7]   LOCATION = P8; IOSTANDARD = LVCMOS33; "
RUN-1002 : start command "set_pin_assignment  sw[8]   LOCATION = N8; IOSTANDARD = LVCMOS33; "
RUN-1002 : start command "set_pin_assignment  sw[9]   LOCATION = R9; IOSTANDARD = LVCMOS33; "
RUN-1002 : start command "set_pin_assignment  vga_clk   LOCATION = H2; IOSTANDARD = LVCMOS33; "
RUN-1002 : start command "set_pin_assignment  vs   LOCATION = J4; IOSTANDARD = LVCMOS33; "
RUN-1002 : start command "set_pin_assignment  warn_flag   LOCATION = M4; IOSTANDARD = LVCMOS33; "
RUN-1002 : start command "optimize_rtl"
RUN-1001 : Open license file F:/anlogic5.6/license/Anlogic.lic
RUN-1001 : Print Global Property
RUN-1001 : ---------------------------------------------------------------
RUN-1001 :        Parameters        |  Settings  |  Default Values  |  Note  
RUN-1001 : ---------------------------------------------------------------
RUN-1001 :          message         |  standard  |     standard     |        
RUN-1001 :   mixed_pack_place_flow  |     on     |        on        |        
RUN-1001 :        qor_monitor       |    off     |       off        |        
RUN-1001 :        syn_ip_flow       |    off     |       off        |        
RUN-1001 :          thread          |    auto    |       auto       |        
RUN-1001 : ---------------------------------------------------------------
RUN-1001 : Print Rtl Property
RUN-1001 : --------------------------------------------------------------
RUN-1001 :        Parameters       |  Settings  |  Default Values  |  Note  
RUN-1001 : --------------------------------------------------------------
RUN-1001 :       compress_add      |   ripple   |      ripple      |        
RUN-1001 :        elf_sload        |    off     |       off        |        
RUN-1001 :       fix_undriven      |     0      |        0         |        
RUN-1001 :         flatten         |    off     |       off        |        
RUN-1001 :       gate_sharing      |     on     |        on        |        
RUN-1001 :    hdl_warning_level    |   normal   |      normal      |        
RUN-1001 :   impl_internal_tribuf  |     on     |        on        |        
RUN-1001 :      impl_set_reset     |     on     |        on        |        
RUN-1001 :        infer_gsr        |    off     |       off        |        
RUN-1001 :      keep_hierarchy     |    auto    |       auto       |        
RUN-1001 :        max_fanout       |    9999    |       9999       |        
RUN-1001 :      max_oh2bin_len     |     10     |        10        |        
RUN-1001 :       merge_equal       |     on     |        on        |        
RUN-1001 :       merge_equiv       |     on     |        on        |        
RUN-1001 :        merge_mux        |    off     |       off        |        
RUN-1001 :     min_control_set     |     8      |        8         |        
RUN-1001 :      min_ripple_len     |    auto    |       auto       |        
RUN-1001 :       oh2bin_ratio      |    0.08    |       0.08       |        
RUN-1001 :     opt_adder_fanout    |     on     |        on        |        
RUN-1001 :        opt_arith        |     on     |        on        |        
RUN-1001 :       opt_big_gate      |    off     |       off        |        
RUN-1001 :        opt_const        |     on     |        on        |        
RUN-1001 :      opt_const_mult     |     on     |        on        |        
RUN-1001 :       opt_lessthan      |     on     |        on        |        
RUN-1001 :         opt_mux         |    off     |       off        |        
RUN-1001 :         opt_ram         |    high    |       high       |        
RUN-1001 :      rtl_sim_model      |    off     |       off        |        
RUN-1001 :         seq_syn         |     on     |        on        |        
RUN-1001 : --------------------------------------------------------------
SYN-1012 : SanityCheck: Model "top"
SYN-1012 : SanityCheck: Model "SBgame"
SYN-1012 : SanityCheck: Model "seven_seg"
SYN-1012 : SanityCheck: Model "seg_decoder"
SYN-1012 : SanityCheck: Model "VGA_Dispay"
SYN-1012 : SanityCheck: Model "VGA_piano"
SYN-1012 : SanityCheck: Model "pll"
SYN-1043 : Mark pll as IO macro for instance bufg_feedback
SYN-1011 : Flatten model top
SYN-1032 : 2654/194 useful/useless nets, 684/48 useful/useless insts
SYN-1001 : Bypass 3 mux instances
SYN-1016 : Merged 27 instances.
SYN-1032 : 2364/301 useful/useless nets, 622/36 useful/useless insts
SYN-1016 : Merged 108 instances.
SYN-5011 WARNING: Undriven pin: model "top" / inst "u_SBgame/score_board/mux3_syn_2" in ../../seven_seg.v(88) / pin "i0"
SYN-5011 WARNING: Undriven pin: model "top" / inst "u_SBgame/score_board/mux3_syn_2" in ../../seven_seg.v(88) / pin "i1"
SYN-5011 WARNING: Undriven pin: model "top" / inst "u_SBgame/score_board/reg6_syn_3" in ../../seven_seg.v(88) / pin "d"
SYN-5013 WARNING: Undriven net: model "top" / net "u_SBgame/score_board/clk" in ../../seven_seg.v(23)
SYN-5014 WARNING: the net's pin: pin "clk" in ../../seven_seg.v(45)
SYN-5014 WARNING: the net's pin: pin "clk" in ../../seg_decoder.v(27)
SYN-5014 WARNING: the net's pin: pin "clk" in ../../seg_decoder.v(27)
SYN-5014 WARNING: the net's pin: pin "clk" in ../../seg_decoder.v(27)
SYN-5014 WARNING: the net's pin: pin "clk" in ../../seg_decoder.v(27)
SYN-5014 WARNING: the net's pin: pin "clk" in ../../seven_seg.v(45)
SYN-5014 WARNING: the net's pin: pin "clk" in ../../VGA_Dispay.v(100)
SYN-5014 WARNING: the net's pin: pin "clk" in ../../seven_seg.v(45)
SYN-5014 WARNING: the net's pin: pin "clk" in ../../seven_seg.v(45)
SYN-5014 WARNING: the net's pin: pin "clk" in ../../seven_seg.v(45)
SYN-5014 Similar messages will be suppressed.
SYN-5013 WARNING: Undriven net: model "top" / net "u_VGA_piano/clk" in ../../VGA_piano.v(17)
SYN-5014 WARNING: the net's pin: pin "clk" in ../../VGA_piano.v(147)
SYN-5014 WARNING: the net's pin: pin "clk" in ../../VGA_piano.v(165)
SYN-5014 WARNING: the net's pin: pin "clk" in ../../VGA_piano.v(165)
SYN-5014 WARNING: the net's pin: pin "clk" in ../../VGA_piano.v(165)
SYN-5014 WARNING: the net's pin: pin "clk" in ../../VGA_piano.v(356)
SYN-5014 WARNING: the net's pin: pin "clk" in ../../VGA_piano.v(356)
SYN-5014 WARNING: the net's pin: pin "clk" in ../../VGA_piano.v(373)
SYN-5014 WARNING: the net's pin: pin "clk" in ../../VGA_piano.v(373)
SYN-5014 WARNING: the net's pin: pin "clk" in ../../VGA_piano.v(390)
SYN-5014 WARNING: the net's pin: pin "clk" in ../../VGA_piano.v(390)
SYN-5014 Similar messages will be suppressed.
SYN-5025 WARNING: Using 0 for all undriven pins and nets
SYN-1032 : 2147/162 useful/useless nets, 1530/273 useful/useless insts
SYN-1014 : Optimize round 1
SYN-1032 : 2146/1 useful/useless nets, 1530/0 useful/useless insts
SYN-1017 : Remove 1 const input seq instances
SYN-1002 :     u_VGA_piano/reg0_syn_10
SYN-1019 : Optimized 27 mux instances.
SYN-1021 : Optimized 8 onehot mux instances.
SYN-1020 : Optimized 90 distributor mux.
SYN-1001 : Optimize 21 less-than instances
SYN-1019 : Optimized 1 mux instances.
SYN-1016 : Merged 451 instances.
SYN-1015 : Optimize round 1, 1568 better
SYN-1014 : Optimize round 2
SYN-1044 : Optimized 4 inv instances.
SYN-1032 : 99/1537 useful/useless nets, 93/1021 useful/useless insts
SYN-1019 : Optimized 21 mux instances.
SYN-1020 : Optimized 8 distributor mux.
SYN-1016 : Merged 45 instances.
SYN-1015 : Optimize round 2, 2383 better
SYN-1032 : 16/53 useful/useless nets, 13/27 useful/useless insts
SYN-1014 : Optimize round 1
SYN-1032 : 10/0 useful/useless nets, 7/1 useful/useless insts
SYN-1015 : Optimize round 1, 6 better
SYN-1014 : Optimize round 2
SYN-1015 : Optimize round 2, 0 better
RUN-1002 : start command "report_area -file al_top_rtl.area"
RUN-1001 : standard
***Report Model: top Device: EG4S20BG256***

IO Statistics
#IO                        49
  #input                   17
  #output                  32
  #inout                    0

Gate Statistics
#Basic gates                2
  #and                      0
  #nand                     0
  #or                       0
  #nor                      0
  #xor                      0
  #xnor                     0
  #buf                      0
  #not                      1
  #bufif1                   0
  #MX21                     1
  #FADD                     0
  #DFF                      0
  #LATCH                    0
#MACRO_MUX                  1
#MACRO_OTHERS               1

Report Hierarchy Area:
+-----------------------------------------+
|Instance |Module |gates  |seq    |macros |
+-----------------------------------------+
|top      |top    |2      |0      |1      |
|  u_pll  |pll    |0      |0      |1      |
+-----------------------------------------+

RUN-1002 : start command "export_db al_top_rtl.db"
RUN-1001 : Exported /
RUN-1001 : Exported flow parameters
RUN-1001 : Exported libs
RUN-1001 : Exported entities
RUN-1001 : Exported ports
RUN-1001 : Exported pins
RUN-1001 : Exported instances
RUN-1001 : Exported nets
RUN-1001 : Exported buses
RUN-1001 : Exported models
RUN-1001 : Exported congestions
RUN-1001 : Exported violations
RUN-1001 : Exported IO constraints
RUN-1001 : Exported Inst constraints
RUN-1002 : start command "read_sdc"
USR-1002 : read_sdc file_name -help -h -eco
USR-1009 : NO module with IP_SDC ...
RUN-1104 : Import SDC file  finished, there are 0 nets kept by constraints.
RUN-1002 : start command "optimize_gate -maparea al_top_gate.area"
RUN-1001 : Open license file F:/anlogic5.6/license/Anlogic.lic
RUN-1001 : Print Global Property
RUN-1001 : ---------------------------------------------------------------
RUN-1001 :        Parameters        |  Settings  |  Default Values  |  Note  
RUN-1001 : ---------------------------------------------------------------
RUN-1001 :          message         |  standard  |     standard     |        
RUN-1001 :   mixed_pack_place_flow  |     on     |        on        |        
RUN-1001 :        qor_monitor       |    off     |       off        |        
RUN-1001 :        syn_ip_flow       |    off     |       off        |        
RUN-1001 :          thread          |    auto    |       auto       |        
RUN-1001 : ---------------------------------------------------------------
RUN-1001 : Print Gate Property
RUN-1001 : ------------------------------------------------------------------
RUN-1001 :          Parameters         |  Settings  |  Default Values  |  Note  
RUN-1001 : ------------------------------------------------------------------
RUN-1001 :         cascade_dsp         |    off     |       off        |        
RUN-1001 :         cascade_eram        |    off     |       off        |        
RUN-1001 :        gate_sim_model       |    off     |       off        |        
RUN-1001 :        map_sim_model        |    off     |       off        |        
RUN-1001 :         map_strategy        |     1      |        1         |        
RUN-1001 :           opt_area          |   medium   |      medium      |        
RUN-1001 :          opt_timing         |    auto    |       auto       |        
RUN-1001 :         pack_effort         |   medium   |      medium      |        
RUN-1001 :      pack_lslice_ripple     |     on     |        on        |        
RUN-1001 :   pack_lslice_ripple_ratio  |    0.5     |       0.5        |        
RUN-1001 :        pack_seq_in_io       |    auto    |       auto       |        
RUN-1001 :        ph1_mux_ratio        |    1.0     |       1.0        |        
RUN-1001 :            report           |  standard  |     standard     |        
RUN-1001 :           retiming          |    off     |       off        |        
RUN-1001 : ------------------------------------------------------------------
SYN-2001 : Map 49 IOs to PADs
RUN-1002 : start command "update_pll_param -module top"
SYN-2501 : Processed 0 LOGIC_BUF instances.
SYN-2501 : 1 BUFG to GCLK
SYN-2571 : Optimize after map_dsp, round 1
SYN-2571 : Optimize after map_dsp, round 1, 0 better
SYN-2501 : Optimize round 1
SYN-2501 : Optimize round 1, 0 better
SYN-1016 : Merged 1 instances.
RUN-1002 : start command "start_timer -prepack"
TMR-2505 : Start building timing graph for model top.
TMR-2506 : Build timing graph completely. Port num: 14, tpin num: 88, tnet num: 42, tinst num: 54, tnode num: 88, tedge num: 57.
TMR-2508 : Levelizing timing graph completed, there are 7 levels in total.
TMR-2501 : Timing graph initialized successfully.
TMR-2503 : Start to update net delay, extr mode = 2.
TMR-2504 : Update delay of 42 nets completely.
TMR-2502 : Annotate delay completely, extr mode = 2.
TMR-3001 : Initiate 0 clocks from SDC.
TMR-3004 : Map sdc constraints, there are 0 constraints in total.
TMR-3003 : Constraints initiated successfully.
TMR-3501 : Forward propagation: start to calculate arrival time...
TMR-3502 : Backward propagation: start to calculate required time...
TMR-3503 : Timing propagation completes.
SYN-3001 : Running gate level optimization.
SYN-2581 : Mapping with K=0, #lut = 0 (0.00), #lev = 0 (0.00)
SYN-2551 : Post LUT mapping optimization.
SYN-2581 : Mapping with K=0, #lut = 0 (0.00), #lev = 0 (0.00)
SYN-3001 : Logic optimization runtime opt =   0.00 sec, map =   0.00 sec
SYN-3001 : Mapper mapped 2 instances into 2 LUTs, name keeping = 100%.
RUN-1002 : start command "report_area -file al_top_gate.area"
RUN-1001 : standard
***Report Model: top Device: EG4S20BG256***

IO Statistics
#IO                        49
  #input                   17
  #output                  32
  #inout                    0

LUT Statistics
#Total_luts                 2
  #lut4                     2
  #lut5                     0
  #lut6                     0
  #lut5_mx41                0
  #lut4_alu1b               0

Utilization Statistics
#lut                        2   out of  19600    0.01%
#reg                        0   out of  19600    0.00%
#le                         0
#dsp                        0   out of     29    0.00%
#bram                       0   out of     64    0.00%
  #bram9k                   0
  #fifo9k                   0
#bram32k                    0   out of     16    0.00%
#pad                       49   out of    188   26.06%
  #ireg                     0
  #oreg                     0
  #treg                     0
#pll                        1   out of      4   25.00%

Report Hierarchy Area:
+--------------------------------------------------------------+
|Instance |Module |lut     |ripple  |seq     |bram    |dsp     |
+--------------------------------------------------------------+
|top      |top    |2       |0       |0       |0       |0       |
|  u_pll  |pll    |1       |0       |0       |0       |0       |
+--------------------------------------------------------------+

SYN-1001 : Packing model "top" ...
SYN-4010 : Pack lib has 58 rtl pack models with 25 top pack blocks
SYN-1014 : Optimize round 1
SYN-1032 : 43/0 useful/useless nets, 55/1 useful/useless insts
SYN-1015 : Optimize round 1, 0 better
SYN-4002 : Packing 0 DFF/LATCH to SEQ ...
SYN-4009 : Pack 0 carry chain into lslice
SYN-4007 : Packing 0 adder to BLE ...
SYN-4008 : Packed 0 adder and 0 SEQ to BLE.
SYN-4007 : Packing 0 gate4 to BLE ...
SYN-4008 : Packed 0 gate4 and 0 SEQ to BLE.
SYN-4012 : Packed 0 FxMUX
RUN-1002 : start command "legalize_phy_inst"
SYN-1011 : Flatten model top
RUN-1002 : start command "export_db al_top_gate.db"
RUN-1001 : Exported /
RUN-1001 : Exported flow parameters
RUN-1001 : Exported libs
RUN-1001 : Exported entities
RUN-1001 : Exported ports
RUN-1001 : Exported pins
RUN-1001 : Exported instances
RUN-1001 : Exported nets
RUN-1001 : Exported buses
RUN-1001 : Exported models
RUN-1001 : Exported congestions
RUN-1001 : Exported violations
RUN-1001 : Exported timing constraints
RUN-1001 : Exported IO constraints
RUN-1001 : Exported Inst constraints
RUN-1002 : start command "backup_run_log run.log ../.logs/syn_1/td_20221110_030637.log"
RUN-1001 : Backing up run's log file succeed.
